\BOOKMARK [1][-]{section.1}{\376\377\000I\000n\000t\000r\000o\000d\000u\000z\000i\000o\000n\000e}{}% 1
\BOOKMARK [1][-]{section.2}{\376\377\000A\000n\000a\000l\000i\000s\000i\000\040\000d\000e\000l\000\040\000p\000r\000o\000b\000l\000e\000m\000a}{}% 2
\BOOKMARK [1][-]{section.3}{\376\377\000P\000a\000r\000a\000l\000l\000e\000l\000i\000z\000z\000a\000z\000i\000o\000n\000e}{}% 3
\BOOKMARK [2][-]{subsection.3.1}{\376\377\000O\000m\000p}{section.3}% 4
\BOOKMARK [2][-]{subsection.3.2}{\376\377\000J\000o\000b\000l\000i\000b}{section.3}% 5
\BOOKMARK [1][-]{section.4}{\376\377\000C\000a\000r\000a\000t\000t\000e\000r\000i\000s\000t\000i\000c\000h\000e\000\040\000d\000e\000l\000l\000a\000\040\000m\000a\000c\000c\000h\000i\000n\000a}{}% 6
\BOOKMARK [1][-]{section.5}{\376\377\000T\000e\000s\000t\000s}{}% 7
\BOOKMARK [1][-]{section.6}{\376\377\000R\000i\000s\000u\000l\000t\000a\000t\000i}{}% 8
\BOOKMARK [2][-]{subsection.6.1}{\376\377\000F\000P\000R\000:\000\040\0000\000.\0001\0000}{section.6}% 9
\BOOKMARK [3][-]{subsubsection.6.1.1}{\376\377\000S\000e\000t\000u\000p}{subsection.6.1}% 10
\BOOKMARK [3][-]{subsubsection.6.1.2}{\376\377\000F\000i\000l\000t\000e\000r}{subsection.6.1}% 11
\BOOKMARK [3][-]{subsubsection.6.1.3}{\376\377\000C\000h\000u\000n\000k\000s}{subsection.6.1}% 12
\BOOKMARK [2][-]{subsection.6.2}{\376\377\000F\000P\000R\000:\000\040\0000\000.\0000\0005}{section.6}% 13
\BOOKMARK [3][-]{subsubsection.6.2.1}{\376\377\000S\000e\000t\000u\000p}{subsection.6.2}% 14
\BOOKMARK [3][-]{subsubsection.6.2.2}{\376\377\000F\000i\000l\000t\000e\000r}{subsection.6.2}% 15
\BOOKMARK [3][-]{subsubsection.6.2.3}{\376\377\000C\000h\000u\000n\000k\000s}{subsection.6.2}% 16
\BOOKMARK [2][-]{subsection.6.3}{\376\377\000F\000P\000R\000:\000\040\0000\000.\0000\0001}{section.6}% 17
\BOOKMARK [3][-]{subsubsection.6.3.1}{\376\377\000S\000e\000t\000u\000p}{subsection.6.3}% 18
\BOOKMARK [3][-]{subsubsection.6.3.2}{\376\377\000F\000i\000l\000t\000e\000r}{subsection.6.3}% 19
\BOOKMARK [3][-]{subsubsection.6.3.3}{\376\377\000C\000h\000u\000n\000k\000s}{subsection.6.3}% 20
\BOOKMARK [1][-]{section.7}{\376\377\000C\000o\000n\000c\000l\000u\000s\000i\000o\000n\000i}{}% 21
\BOOKMARK [1][-]{section.8}{\376\377\000D\000a\000t\000i}{}% 22
