This is pdfTeX, Version 3.141592653-2.6-1.40.25 (MiKTeX 23.4) (preloaded format=pdflatex 2023.10.31)  10 NOV 2023 14:29
entering extended mode
 restricted \write18 enabled.
 file:line:error style messages enabled.
 %&-line parsing enabled.
**./relation.tex
(relation.tex
LaTeX2e <2022-11-01> patch level 1
L3 programming layer <2023-03-30>
(C:\Users\loreb\AppData\Local\Programs\MiKTeX\tex/latex/base\article.cls
Document Class: article 2022/07/02 v1.4n Standard LaTeX document class
(C:\Users\loreb\AppData\Local\Programs\MiKTeX\tex/latex/base\size11.clo
File: size11.clo 2022/07/02 v1.4n Standard LaTeX file (size option)
)
\c@part=\count185
\c@section=\count186
\c@subsection=\count187
\c@subsubsection=\count188
\c@paragraph=\count189
\c@subparagraph=\count190
\c@figure=\count191
\c@table=\count192
\abovecaptionskip=\skip48
\belowcaptionskip=\skip49
\bibindent=\dimen140
)
(C:\Users\loreb\AppData\Local\Programs\MiKTeX\tex/latex/amsmath\amsmath.sty
Package: amsmath 2022/04/08 v2.17n AMS math features
\@mathmargin=\skip50

For additional information on amsmath, use the `?' option.
(C:\Users\loreb\AppData\Local\Programs\MiKTeX\tex/latex/amsmath\amstext.sty
Package: amstext 2021/08/26 v2.01 AMS text

(C:\Users\loreb\AppData\Local\Programs\MiKTeX\tex/latex/amsmath\amsgen.sty
File: amsgen.sty 1999/11/30 v2.0 generic functions
\@emptytoks=\toks16
\ex@=\dimen141
))
(C:\Users\loreb\AppData\Local\Programs\MiKTeX\tex/latex/amsmath\amsbsy.sty
Package: amsbsy 1999/11/29 v1.2d Bold Symbols
\pmbraise@=\dimen142
)
(C:\Users\loreb\AppData\Local\Programs\MiKTeX\tex/latex/amsmath\amsopn.sty
Package: amsopn 2022/04/08 v2.04 operator names
)
\inf@bad=\count193
LaTeX Info: Redefining \frac on input line 234.
\uproot@=\count194
\leftroot@=\count195
LaTeX Info: Redefining \overline on input line 399.
LaTeX Info: Redefining \colon on input line 410.
\classnum@=\count196
\DOTSCASE@=\count197
LaTeX Info: Redefining \ldots on input line 496.
LaTeX Info: Redefining \dots on input line 499.
LaTeX Info: Redefining \cdots on input line 620.
\Mathstrutbox@=\box51
\strutbox@=\box52
LaTeX Info: Redefining \big on input line 722.
LaTeX Info: Redefining \Big on input line 723.
LaTeX Info: Redefining \bigg on input line 724.
LaTeX Info: Redefining \Bigg on input line 725.
\big@size=\dimen143
LaTeX Font Info:    Redeclaring font encoding OML on input line 743.
LaTeX Font Info:    Redeclaring font encoding OMS on input line 744.
\macc@depth=\count198
LaTeX Info: Redefining \bmod on input line 905.
LaTeX Info: Redefining \pmod on input line 910.
LaTeX Info: Redefining \smash on input line 940.
LaTeX Info: Redefining \relbar on input line 970.
LaTeX Info: Redefining \Relbar on input line 971.
\c@MaxMatrixCols=\count199
\dotsspace@=\muskip16
\c@parentequation=\count266
\dspbrk@lvl=\count267
\tag@help=\toks17
\row@=\count268
\column@=\count269
\maxfields@=\count270
\andhelp@=\toks18
\eqnshift@=\dimen144
\alignsep@=\dimen145
\tagshift@=\dimen146
\tagwidth@=\dimen147
\totwidth@=\dimen148
\lineht@=\dimen149
\@envbody=\toks19
\multlinegap=\skip51
\multlinetaggap=\skip52
\mathdisplay@stack=\toks20
LaTeX Info: Redefining \[ on input line 2953.
LaTeX Info: Redefining \] on input line 2954.
)
(C:\Users\loreb\AppData\Local\Programs\MiKTeX\tex/latex/graphics\graphicx.sty
Package: graphicx 2021/09/16 v1.2d Enhanced LaTeX Graphics (DPC,SPQR)

(C:\Users\loreb\AppData\Local\Programs\MiKTeX\tex/latex/graphics\keyval.sty
Package: keyval 2022/05/29 v1.15 key=value parser (DPC)
\KV@toks@=\toks21
)
(C:\Users\loreb\AppData\Local\Programs\MiKTeX\tex/latex/graphics\graphics.sty
Package: graphics 2022/03/10 v1.4e Standard LaTeX Graphics (DPC,SPQR)

(C:\Users\loreb\AppData\Local\Programs\MiKTeX\tex/latex/graphics\trig.sty
Package: trig 2021/08/11 v1.11 sin cos tan (DPC)
)
(C:\Users\loreb\AppData\Local\Programs\MiKTeX\tex/latex/graphics-cfg\graphics.c
fg
File: graphics.cfg 2016/06/04 v1.11 sample graphics configuration
)
Package graphics Info: Driver file: pdftex.def on input line 107.

(C:\Users\loreb\AppData\Local\Programs\MiKTeX\tex/latex/graphics-def\pdftex.def
File: pdftex.def 2022/09/22 v1.2b Graphics/color driver for pdftex
))
\Gin@req@height=\dimen150
\Gin@req@width=\dimen151
) (C:\Users\loreb\AppData\Local\Programs\MiKTeX\tex/latex/float\float.sty
Package: float 2001/11/08 v1.3d Float enhancements (AL)
\c@float@type=\count271
\float@exts=\toks22
\float@box=\box53
\@float@everytoks=\toks23
\@floatcapt=\box54
)
(C:\Users\loreb\AppData\Local\Programs\MiKTeX\tex/latex/csvsimple\csvsimple.sty

(C:\Users\loreb\AppData\Local\Programs\MiKTeX\tex/latex/l3packages/l3keys2e\l3k
eys2e.sty
(C:\Users\loreb\AppData\Local\Programs\MiKTeX\tex/latex/l3kernel\expl3.sty
Package: expl3 2023-03-30 L3 programming layer (loader) 

(C:\Users\loreb\AppData\Local\Programs\MiKTeX\tex/latex/l3backend\l3backend-pdf
tex.def
File: l3backend-pdftex.def 2023-03-30 L3 backend support: PDF output (pdfTeX)
\l__color_backend_stack_int=\count272
\l__pdf_internal_box=\box55
))
Package: l3keys2e 2023-02-02 LaTeX2e option processing using LaTeX3 keys
)
Package: csvsimple 2023/10/16 v2.5.0 LaTeX CSV file processing
)
(C:\Users\loreb\AppData\Local\Programs\MiKTeX\tex/latex/csvsimple\csvsimple-leg
acy.sty
Package: csvsimple-legacy 2023/10/16 version 2.5.0 LaTeX2e CSV file processing

(C:\Users\loreb\AppData\Local\Programs\MiKTeX\tex/latex/pgf/utilities\pgfrcs.st
y
(C:\Users\loreb\AppData\Local\Programs\MiKTeX\tex/generic/pgf/utilities\pgfutil
-common.tex
\pgfutil@everybye=\toks24
\pgfutil@tempdima=\dimen152
\pgfutil@tempdimb=\dimen153
)
(C:\Users\loreb\AppData\Local\Programs\MiKTeX\tex/generic/pgf/utilities\pgfutil
-latex.def
\pgfutil@abb=\box56
)
(C:\Users\loreb\AppData\Local\Programs\MiKTeX\tex/generic/pgf/utilities\pgfrcs.
code.tex
(C:\Users\loreb\AppData\Local\Programs\MiKTeX\tex/generic/pgf\pgf.revision.tex)
Package: pgfrcs 2023-01-15 v3.1.10 (3.1.10)
))
(C:\Users\loreb\AppData\Local\Programs\MiKTeX\tex/latex/pgf/utilities\pgfkeys.s
ty
(C:\Users\loreb\AppData\Local\Programs\MiKTeX\tex/generic/pgf/utilities\pgfkeys
.code.tex
\pgfkeys@pathtoks=\toks25
\pgfkeys@temptoks=\toks26

(C:\Users\loreb\AppData\Local\Programs\MiKTeX\tex/generic/pgf/utilities\pgfkeys
libraryfiltered.code.tex
\pgfkeys@tmptoks=\toks27
)))
(C:\Users\loreb\AppData\Local\Programs\MiKTeX\tex/latex/base\ifthen.sty
Package: ifthen 2022/04/13 v1.1d Standard LaTeX ifthen package (DPC)
)
(C:\Users\loreb\AppData\Local\Programs\MiKTeX\tex/latex/etoolbox\etoolbox.sty
Package: etoolbox 2020/10/05 v2.5k e-TeX tools for LaTeX (JAW)
\etb@tempcnta=\count273
)
(C:\Users\loreb\AppData\Local\Programs\MiKTeX\tex/latex/tools\shellesc.sty
Package: shellesc 2019/11/08 v1.0c unified shell escape interface for LaTeX
Package shellesc Info: Restricted shell escape enabled on input line 77.
)
\csv@file=\read2
\c@csvinputline=\count274
\c@csvrow=\count275
\c@csvcol=\count276
\csv@out=\write3
)
(C:\Users\loreb\AppData\Local\Programs\MiKTeX\tex/latex/hyperref\hyperref.sty
Package: hyperref 2023-02-07 v7.00v Hypertext links for LaTeX

(C:\Users\loreb\AppData\Local\Programs\MiKTeX\tex/generic/ltxcmds\ltxcmds.sty
Package: ltxcmds 2020-05-10 v1.25 LaTeX kernel commands for general use (HO)
)
(C:\Users\loreb\AppData\Local\Programs\MiKTeX\tex/generic/iftex\iftex.sty
Package: iftex 2022/02/03 v1.0f TeX engine tests
)
(C:\Users\loreb\AppData\Local\Programs\MiKTeX\tex/generic/pdftexcmds\pdftexcmds
.sty
Package: pdftexcmds 2020-06-27 v0.33 Utility functions of pdfTeX for LuaTeX (HO
)

(C:\Users\loreb\AppData\Local\Programs\MiKTeX\tex/generic/infwarerr\infwarerr.s
ty
Package: infwarerr 2019/12/03 v1.5 Providing info/warning/error messages (HO)
)
Package pdftexcmds Info: \pdf@primitive is available.
Package pdftexcmds Info: \pdf@ifprimitive is available.
Package pdftexcmds Info: \pdfdraftmode found.
)
(C:\Users\loreb\AppData\Local\Programs\MiKTeX\tex/latex/kvsetkeys\kvsetkeys.sty
Package: kvsetkeys 2022-10-05 v1.19 Key value parser (HO)
)
(C:\Users\loreb\AppData\Local\Programs\MiKTeX\tex/generic/kvdefinekeys\kvdefine
keys.sty
Package: kvdefinekeys 2019-12-19 v1.6 Define keys (HO)
)
(C:\Users\loreb\AppData\Local\Programs\MiKTeX\tex/generic/pdfescape\pdfescape.s
ty
Package: pdfescape 2019/12/09 v1.15 Implements pdfTeX's escape features (HO)
) (C:\Users\loreb\AppData\Local\Programs\MiKTeX\tex/latex/hycolor\hycolor.sty
Package: hycolor 2020-01-27 v1.10 Color options for hyperref/bookmark (HO)
)
(C:\Users\loreb\AppData\Local\Programs\MiKTeX\tex/latex/letltxmacro\letltxmacro
.sty
Package: letltxmacro 2019/12/03 v1.6 Let assignment for LaTeX macros (HO)
)
(C:\Users\loreb\AppData\Local\Programs\MiKTeX\tex/latex/auxhook\auxhook.sty
Package: auxhook 2019-12-17 v1.6 Hooks for auxiliary files (HO)
)
(C:\Users\loreb\AppData\Local\Programs\MiKTeX\tex/latex/hyperref\nameref.sty
Package: nameref 2022-05-17 v2.50 Cross-referencing by name of section

(C:\Users\loreb\AppData\Local\Programs\MiKTeX\tex/latex/refcount\refcount.sty
Package: refcount 2019/12/15 v3.6 Data extraction from label references (HO)
)
(C:\Users\loreb\AppData\Local\Programs\MiKTeX\tex/generic/gettitlestring\gettit
lestring.sty
Package: gettitlestring 2019/12/15 v1.6 Cleanup title references (HO)

(C:\Users\loreb\AppData\Local\Programs\MiKTeX\tex/latex/kvoptions\kvoptions.sty
Package: kvoptions 2022-06-15 v3.15 Key value format for package options (HO)
))
\c@section@level=\count277
)
\@linkdim=\dimen154
\Hy@linkcounter=\count278
\Hy@pagecounter=\count279
 (C:\Users\loreb\AppData\Local\Programs\MiKTeX\tex/latex/hyperref\pd1enc.def
File: pd1enc.def 2023-02-07 v7.00v Hyperref: PDFDocEncoding definition (HO)
Now handling font encoding PD1 ...
... no UTF-8 mapping file for font encoding PD1
) (C:\Users\loreb\AppData\Local\Programs\MiKTeX\tex/generic/intcalc\intcalc.sty
Package: intcalc 2019/12/15 v1.3 Expandable calculations with integers (HO)
)
(C:\Users\loreb\AppData\Local\Programs\MiKTeX\tex/generic/etexcmds\etexcmds.sty
Package: etexcmds 2019/12/15 v1.7 Avoid name clashes with e-TeX commands (HO)
)
\Hy@SavedSpaceFactor=\count280
 (C:\Users\loreb\AppData\Local\Programs\MiKTeX\tex/latex/hyperref\puenc.def
File: puenc.def 2023-02-07 v7.00v Hyperref: PDF Unicode definition (HO)
Now handling font encoding PU ...
... no UTF-8 mapping file for font encoding PU
)
Package hyperref Info: Hyper figures OFF on input line 4177.
Package hyperref Info: Link nesting OFF on input line 4182.
Package hyperref Info: Hyper index ON on input line 4185.
Package hyperref Info: Plain pages OFF on input line 4192.
Package hyperref Info: Backreferencing OFF on input line 4197.
Package hyperref Info: Implicit mode ON; LaTeX internals redefined.
Package hyperref Info: Bookmarks ON on input line 4425.
\c@Hy@tempcnt=\count281

(C:\Users\loreb\AppData\Local\Programs\MiKTeX\tex/latex/url\url.sty
\Urlmuskip=\muskip17
Package: url 2013/09/16  ver 3.4  Verb mode for urls, etc.
)
LaTeX Info: Redefining \url on input line 4763.
\XeTeXLinkMargin=\dimen155

(C:\Users\loreb\AppData\Local\Programs\MiKTeX\tex/generic/bitset\bitset.sty
Package: bitset 2019/12/09 v1.3 Handle bit-vector datatype (HO)

(C:\Users\loreb\AppData\Local\Programs\MiKTeX\tex/generic/bigintcalc\bigintcalc
.sty
Package: bigintcalc 2019/12/15 v1.5 Expandable calculations on big integers (HO
)
))
\Fld@menulength=\count282
\Field@Width=\dimen156
\Fld@charsize=\dimen157
Package hyperref Info: Hyper figures OFF on input line 6042.
Package hyperref Info: Link nesting OFF on input line 6047.
Package hyperref Info: Hyper index ON on input line 6050.
Package hyperref Info: backreferencing OFF on input line 6057.
Package hyperref Info: Link coloring OFF on input line 6062.
Package hyperref Info: Link coloring with OCG OFF on input line 6067.
Package hyperref Info: PDF/A mode OFF on input line 6072.

(C:\Users\loreb\AppData\Local\Programs\MiKTeX\tex/latex/base\atbegshi-ltx.sty
Package: atbegshi-ltx 2021/01/10 v1.0c Emulation of the original atbegshi
package with kernel methods
)
\Hy@abspage=\count283
\c@Item=\count284
\c@Hfootnote=\count285
)
Package hyperref Info: Driver (autodetected): hpdftex.
(C:\Users\loreb\AppData\Local\Programs\MiKTeX\tex/latex/hyperref\hpdftex.def
File: hpdftex.def 2023-02-07 v7.00v Hyperref driver for pdfTeX

(C:\Users\loreb\AppData\Local\Programs\MiKTeX\tex/latex/base\atveryend-ltx.sty
Package: atveryend-ltx 2020/08/19 v1.0a Emulation of the original atveryend pac
kage
with kernel methods
)
\Fld@listcount=\count286
\c@bookmark@seq@number=\count287

(C:\Users\loreb\AppData\Local\Programs\MiKTeX\tex/latex/rerunfilecheck\rerunfil
echeck.sty
Package: rerunfilecheck 2022-07-10 v1.10 Rerun checks for auxiliary files (HO)

(C:\Users\loreb\AppData\Local\Programs\MiKTeX\tex/generic/uniquecounter\uniquec
ounter.sty
Package: uniquecounter 2019/12/15 v1.4 Provide unlimited unique counter (HO)
)
Package uniquecounter Info: New unique counter `rerunfilecheck' on input line 2
85.
)
\Hy@SectionHShift=\skip53
)
(C:\Users\loreb\AppData\Local\Programs\MiKTeX\tex/latex/listings\listings.sty
\lst@mode=\count288
\lst@gtempboxa=\box57
\lst@token=\toks28
\lst@length=\count289
\lst@currlwidth=\dimen158
\lst@column=\count290
\lst@pos=\count291
\lst@lostspace=\dimen159
\lst@width=\dimen160
\lst@newlines=\count292
\lst@lineno=\count293
\lst@maxwidth=\dimen161

(C:\Users\loreb\AppData\Local\Programs\MiKTeX\tex/latex/listings\lstmisc.sty
File: lstmisc.sty 2023/02/27 1.9 (Carsten Heinz)
\c@lstnumber=\count294
\lst@skipnumbers=\count295
\lst@framebox=\box58
)
(C:\Users\loreb\AppData\Local\Programs\MiKTeX\tex/latex/listings\listings.cfg
File: listings.cfg 2023/02/27 1.9 listings configuration
))
Package: listings 2023/02/27 1.9 (Carsten Heinz)
(C:\Users\loreb\AppData\Local\Programs\MiKTeX\tex/latex/xcolor\xcolor.sty
Package: xcolor 2022/06/12 v2.14 LaTeX color extensions (UK)

(C:\Users\loreb\AppData\Local\Programs\MiKTeX\tex/latex/graphics-cfg\color.cfg
File: color.cfg 2016/01/02 v1.6 sample color configuration
)
Package xcolor Info: Driver file: pdftex.def on input line 227.
(C:\Users\loreb\AppData\Local\Programs\MiKTeX\tex/latex/graphics\mathcolor.ltx)
Package xcolor Info: Model `cmy' substituted by `cmy0' on input line 1353.
Package xcolor Info: Model `hsb' substituted by `rgb' on input line 1357.
Package xcolor Info: Model `RGB' extended on input line 1369.
Package xcolor Info: Model `HTML' substituted by `rgb' on input line 1371.
Package xcolor Info: Model `Hsb' substituted by `hsb' on input line 1372.
Package xcolor Info: Model `tHsb' substituted by `hsb' on input line 1373.
Package xcolor Info: Model `HSB' substituted by `hsb' on input line 1374.
Package xcolor Info: Model `Gray' substituted by `gray' on input line 1375.
Package xcolor Info: Model `wave' substituted by `hsb' on input line 1376.
)
(C:\Users\loreb\AppData\Local\Programs\MiKTeX\tex/latex/caption\subcaption.sty
Package: subcaption 2023/07/28 v1.6b Sub-captions (AR)

(C:\Users\loreb\AppData\Local\Programs\MiKTeX\tex/latex/caption\caption.sty
Package: caption 2023/08/05 v3.6o Customizing captions (AR)

(C:\Users\loreb\AppData\Local\Programs\MiKTeX\tex/latex/caption\caption3.sty
Package: caption3 2023/07/31 v2.4d caption3 kernel (AR)
\caption@tempdima=\dimen162
\captionmargin=\dimen163
\caption@leftmargin=\dimen164
\caption@rightmargin=\dimen165
\caption@width=\dimen166
\caption@indent=\dimen167
\caption@parindent=\dimen168
\caption@hangindent=\dimen169
Package caption Info: Standard document class detected.
)
\c@caption@flags=\count296
\c@continuedfloat=\count297
Package caption Info: float package is loaded.
Package caption Info: hyperref package is loaded.
Package caption Info: listings package is loaded.
)
Package caption Info: New subtype `subfigure' on input line 238.
\c@subfigure=\count298
Package caption Info: New subtype `subtable' on input line 238.
\c@subtable=\count299
) (C:\Users\loreb\AppData\Local\Programs\MiKTeX\tex/latex/mdwtools\mdwtab.sty
Package: mdwtab 1998/04/28 1.9 Table typesetting with style
\tab@state=\count300
\tab@columns=\count301
\tab@preamble=\toks29
\tab@shortline=\toks30
\extrarowheight=\dimen170
\tabextrasep=\dimen171
\arrayextrasep=\dimen172
\smarraycolsep=\dimen173
\smarrayextrasep=\dimen174
\tab@width=\dimen175
\col@sep=\dimen176
\tab@endheight=\dimen177
\tab@leftskip=\skip54
\tab@rightskip=\skip55
\fn@notes=\box59
\fn@width=\dimen178
)
(C:/Users\loreb\Documents\IntellijProjects\PycharmProjects\bloomfilter_parallel
\auxil\relation.aux)
\openout1 = `relation.aux'.

LaTeX Font Info:    Checking defaults for OML/cmm/m/it on input line 49.
LaTeX Font Info:    ... okay on input line 49.
LaTeX Font Info:    Checking defaults for OMS/cmsy/m/n on input line 49.
LaTeX Font Info:    ... okay on input line 49.
LaTeX Font Info:    Checking defaults for OT1/cmr/m/n on input line 49.
LaTeX Font Info:    ... okay on input line 49.
LaTeX Font Info:    Checking defaults for T1/cmr/m/n on input line 49.
LaTeX Font Info:    ... okay on input line 49.
LaTeX Font Info:    Checking defaults for TS1/cmr/m/n on input line 49.
LaTeX Font Info:    ... okay on input line 49.
LaTeX Font Info:    Checking defaults for OMX/cmex/m/n on input line 49.
LaTeX Font Info:    ... okay on input line 49.
LaTeX Font Info:    Checking defaults for U/cmr/m/n on input line 49.
LaTeX Font Info:    ... okay on input line 49.
LaTeX Font Info:    Checking defaults for PD1/pdf/m/n on input line 49.
LaTeX Font Info:    ... okay on input line 49.
LaTeX Font Info:    Checking defaults for PU/pdf/m/n on input line 49.
LaTeX Font Info:    ... okay on input line 49.

(C:\Users\loreb\AppData\Local\Programs\MiKTeX\tex/context/base/mkii\supp-pdf.mk
ii
[Loading MPS to PDF converter (version 2006.09.02).]
\scratchcounter=\count302
\scratchdimen=\dimen179
\scratchbox=\box60
\nofMPsegments=\count303
\nofMParguments=\count304
\everyMPshowfont=\toks31
\MPscratchCnt=\count305
\MPscratchDim=\dimen180
\MPnumerator=\count306
\makeMPintoPDFobject=\count307
\everyMPtoPDFconversion=\toks32
)
(C:\Users\loreb\AppData\Local\Programs\MiKTeX\tex/latex/epstopdf-pkg\epstopdf-b
ase.sty
Package: epstopdf-base 2020-01-24 v2.11 Base part for package epstopdf
Package epstopdf-base Info: Redefining graphics rule for `.eps' on input line 4
85.

(C:\Users\loreb\AppData\Local\Programs\MiKTeX\tex/latex/00miktex\epstopdf-sys.c
fg
File: epstopdf-sys.cfg 2021/03/18 v2.0 Configuration of epstopdf for MiKTeX
))
Package hyperref Info: Link coloring OFF on input line 49.

(C:/Users\loreb\Documents\IntellijProjects\PycharmProjects\bloomfilter_parallel
\auxil\relation.out)
(C:/Users\loreb\Documents\IntellijProjects\PycharmProjects\bloomfilter_parallel
\auxil\relation.out)
\@outlinefile=\write4
\openout4 = `relation.out'.

\c@lstlisting=\count308
Package caption Info: Begin \AtBeginDocument code.
Package caption Info: End \AtBeginDocument code.
 [1

{C:/Users/loreb/AppData/Local/MiKTeX/fonts/map/pdftex/pdftex.map}]
(C:\Users\loreb\AppData\Local\Programs\MiKTeX\tex/latex/listings\lstlang1.sty
File: lstlang1.sty 2023/02/27 1.9 listings language file
)
Package hyperref Info: bookmark level for unknown lstlisting defaults to 0 on i
nput line 86.

(../src/bloom_filter.py [2

]) (../src/bloom_filter.py) (../src/bloom_filter.py
[3]) (../src/bloom_filter.py)
<../results/plots//plot_setup_time.png, id=102, 462.528pt x 346.896pt>
File: ../results/plots//plot_setup_time.png Graphic file (type png)
<use ../results/plots//plot_setup_time.png>
Package pdftex.def Info: ../results/plots//plot_setup_time.png  used on input l
ine 140.
(pdftex.def)             Requested size: 176.40198pt x 132.30353pt.
File: ../results/plots//plot_setup_time.png Graphic file (type png)
<use ../results/plots//plot_setup_time.png>
Package pdftex.def Info: ../results/plots//plot_setup_time.png  used on input l
ine 144.
(pdftex.def)             Requested size: 161.9989pt x 121.5001pt.
<../results/plots//plot_setup_speedup.png, id=104, 462.528pt x 346.896pt>
File: ../results/plots//plot_setup_speedup.png Graphic file (type png)
<use ../results/plots//plot_setup_speedup.png>
Package pdftex.def Info: ../results/plots//plot_setup_speedup.png  used on inpu
t line 152.
(pdftex.def)             Requested size: 176.40198pt x 132.30353pt.
File: ../results/plots//plot_setup_speedup.png Graphic file (type png)
<use ../results/plots//plot_setup_speedup.png>
Package pdftex.def Info: ../results/plots//plot_setup_speedup.png  used on inpu
t line 156.
(pdftex.def)             Requested size: 176.40198pt x 132.30353pt.
 [4]
<../results/plots//plot_setup_fpr.png, id=131, 462.528pt x 346.896pt>
File: ../results/plots//plot_setup_fpr.png Graphic file (type png)
<use ../results/plots//plot_setup_fpr.png>
Package pdftex.def Info: ../results/plots//plot_setup_fpr.png  used on input li
ne 164.
(pdftex.def)             Requested size: 176.40198pt x 132.30353pt.
File: ../results/plots//plot_setup_fpr.png Graphic file (type png)
<use ../results/plots//plot_setup_fpr.png>
Package pdftex.def Info: ../results/plots//plot_setup_fpr.png  used on input li
ne 168.
(pdftex.def)             Requested size: 176.40198pt x 132.30353pt.
 [5 <../results/plots//plot_setup_time.png>]
<../results/plots//plot_filter_time.png, id=145, 462.528pt x 346.896pt>
File: ../results/plots//plot_filter_time.png Graphic file (type png)
<use ../results/plots//plot_filter_time.png>
Package pdftex.def Info: ../results/plots//plot_filter_time.png  used on input 
line 178.
(pdftex.def)             Requested size: 176.40198pt x 132.30353pt.
File: ../results/plots//plot_filter_time.png Graphic file (type png)
<use ../results/plots//plot_filter_time.png>
Package pdftex.def Info: ../results/plots//plot_filter_time.png  used on input 
line 182.
(pdftex.def)             Requested size: 176.40198pt x 132.30353pt.
<../results/plots//plot_filter_speedup.png, id=146, 462.528pt x 346.896pt>
File: ../results/plots//plot_filter_speedup.png Graphic file (type png)
<use ../results/plots//plot_filter_speedup.png>
Package pdftex.def Info: ../results/plots//plot_filter_speedup.png  used on inp
ut line 190.
(pdftex.def)             Requested size: 176.40198pt x 132.30353pt.
File: ../results/plots//plot_filter_speedup.png Graphic file (type png)
<use ../results/plots//plot_filter_speedup.png>
Package pdftex.def Info: ../results/plots//plot_filter_speedup.png  used on inp
ut line 194.
(pdftex.def)             Requested size: 176.40198pt x 132.30353pt.

[6 <../results/plots//plot_setup_speedup.png> <../results/plots//plot_setup_fpr
.png>]
<../results/plots//plot_filter_fpr.png, id=155, 462.528pt x 346.896pt>
File: ../results/plots//plot_filter_fpr.png Graphic file (type png)
<use ../results/plots//plot_filter_fpr.png>
Package pdftex.def Info: ../results/plots//plot_filter_fpr.png  used on input l
ine 202.
(pdftex.def)             Requested size: 176.40198pt x 132.30353pt.
File: ../results/plots//plot_filter_fpr.png Graphic file (type png)
<use ../results/plots//plot_filter_fpr.png>
Package pdftex.def Info: ../results/plots//plot_filter_fpr.png  used on input l
ine 206.
(pdftex.def)             Requested size: 176.40198pt x 132.30353pt.
 [7 <../results/plots//plot_filter_time.png> <../results/plots//plot_filter_spe
edup.png>]
<../results/plots//plot_chunks_time.png, id=166, 462.528pt x 346.896pt>
File: ../results/plots//plot_chunks_time.png Graphic file (type png)
<use ../results/plots//plot_chunks_time.png>
Package pdftex.def Info: ../results/plots//plot_chunks_time.png  used on input 
line 216.
(pdftex.def)             Requested size: 176.40198pt x 132.30353pt.
File: ../results/plots//plot_chunks_time.png Graphic file (type png)
<use ../results/plots//plot_chunks_time.png>
Package pdftex.def Info: ../results/plots//plot_chunks_time.png  used on input 
line 220.
(pdftex.def)             Requested size: 176.40198pt x 132.30353pt.
<../results/plots//plot_chunks_speedup.png, id=167, 462.528pt x 346.896pt>
File: ../results/plots//plot_chunks_speedup.png Graphic file (type png)
<use ../results/plots//plot_chunks_speedup.png>
Package pdftex.def Info: ../results/plots//plot_chunks_speedup.png  used on inp
ut line 228.
(pdftex.def)             Requested size: 176.40198pt x 132.30353pt.
File: ../results/plots//plot_chunks_speedup.png Graphic file (type png)
<use ../results/plots//plot_chunks_speedup.png>
Package pdftex.def Info: ../results/plots//plot_chunks_speedup.png  used on inp
ut line 232.
(pdftex.def)             Requested size: 176.40198pt x 132.30353pt.
<../results/plots//plot_chunks_fpr.png, id=168, 462.528pt x 346.896pt>
File: ../results/plots//plot_chunks_fpr.png Graphic file (type png)
<use ../results/plots//plot_chunks_fpr.png>
Package pdftex.def Info: ../results/plots//plot_chunks_fpr.png  used on input l
ine 240.
(pdftex.def)             Requested size: 176.40198pt x 132.30353pt.
File: ../results/plots//plot_chunks_fpr.png Graphic file (type png)
<use ../results/plots//plot_chunks_fpr.png>
Package pdftex.def Info: ../results/plots//plot_chunks_fpr.png  used on input l
ine 244.
(pdftex.def)             Requested size: 176.40198pt x 132.30353pt.
 [8 <../results/plots//plot_filter_fpr.png> <../results/plots//plot_chunks_time
.png>] [9 <../results/plots//plot_chunks_speedup.png> <../results/plots//plot_c
hunks_fpr.png>]
relation.tex:258: Missing $ inserted.
<inserted text> 
                $
l.258 ...\csvautotabular{../results/csv/setup.csv}
                                                  \label{fig:setup_csv}
I've inserted a begin-math/end-math symbol since I think
you left one out. Proceed, with fingers crossed.

relation.tex:258: Missing $ inserted.
<inserted text> 
                $
l.258 ...\csvautotabular{../results/csv/setup.csv}
                                                  \label{fig:setup_csv}
I've inserted something that you may have forgotten.
(See the <inserted text> above.)
With luck, this will get me unwedged. But if you
really didn't forget anything, try typing `2' now; then
my insertion and my current dilemma will both disappear.

relation.tex:258: Missing $ inserted.
<inserted text> 
                $
l.258 ...\csvautotabular{../results/csv/setup.csv}
                                                  \label{fig:setup_csv}
I've inserted a begin-math/end-math symbol since I think
you left one out. Proceed, with fingers crossed.

relation.tex:258: Missing $ inserted.
<inserted text> 
                $
l.258 ...\csvautotabular{../results/csv/setup.csv}
                                                  \label{fig:setup_csv}
I've inserted something that you may have forgotten.
(See the <inserted text> above.)
With luck, this will get me unwedged. But if you
really didn't forget anything, try typing `2' now; then
my insertion and my current dilemma will both disappear.

relation.tex:258: Missing $ inserted.
<inserted text> 
                $
l.258 ...\csvautotabular{../results/csv/setup.csv}
                                                  \label{fig:setup_csv}
I've inserted a begin-math/end-math symbol since I think
you left one out. Proceed, with fingers crossed.

relation.tex:258: Missing $ inserted.
<inserted text> 
                $
l.258 ...\csvautotabular{../results/csv/setup.csv}
                                                  \label{fig:setup_csv}
I've inserted something that you may have forgotten.
(See the <inserted text> above.)
With luck, this will get me unwedged. But if you
really didn't forget anything, try typing `2' now; then
my insertion and my current dilemma will both disappear.

relation.tex:258: Missing $ inserted.
<inserted text> 
                $
l.258 ...\csvautotabular{../results/csv/setup.csv}
                                                  \label{fig:setup_csv}
I've inserted a begin-math/end-math symbol since I think
you left one out. Proceed, with fingers crossed.

relation.tex:258: Missing $ inserted.
<inserted text> 
                $
l.258 ...\csvautotabular{../results/csv/setup.csv}
                                                  \label{fig:setup_csv}
I've inserted something that you may have forgotten.
(See the <inserted text> above.)
With luck, this will get me unwedged. But if you
really didn't forget anything, try typing `2' now; then
my insertion and my current dilemma will both disappear.


Overfull \hbox (117.0725pt too wide) in paragraph at lines 258--259
[][][] 
 []

relation.tex:261: Missing $ inserted.
<inserted text> 
                $
l.261 ...csvautotabular{../results/csv/filter.csv}
                                                  \label{fig:filter_csv}
I've inserted a begin-math/end-math symbol since I think
you left one out. Proceed, with fingers crossed.

relation.tex:261: Missing $ inserted.
<inserted text> 
                $
l.261 ...csvautotabular{../results/csv/filter.csv}
                                                  \label{fig:filter_csv}
I've inserted something that you may have forgotten.
(See the <inserted text> above.)
With luck, this will get me unwedged. But if you
really didn't forget anything, try typing `2' now; then
my insertion and my current dilemma will both disappear.

relation.tex:261: Missing $ inserted.
<inserted text> 
                $
l.261 ...csvautotabular{../results/csv/filter.csv}
                                                  \label{fig:filter_csv}
I've inserted a begin-math/end-math symbol since I think
you left one out. Proceed, with fingers crossed.

relation.tex:261: Missing $ inserted.
<inserted text> 
                $
l.261 ...csvautotabular{../results/csv/filter.csv}
                                                  \label{fig:filter_csv}
I've inserted something that you may have forgotten.
(See the <inserted text> above.)
With luck, this will get me unwedged. But if you
really didn't forget anything, try typing `2' now; then
my insertion and my current dilemma will both disappear.

relation.tex:261: Missing $ inserted.
<inserted text> 
                $
l.261 ...csvautotabular{../results/csv/filter.csv}
                                                  \label{fig:filter_csv}
I've inserted a begin-math/end-math symbol since I think
you left one out. Proceed, with fingers crossed.

relation.tex:261: Missing $ inserted.
<inserted text> 
                $
l.261 ...csvautotabular{../results/csv/filter.csv}
                                                  \label{fig:filter_csv}
I've inserted something that you may have forgotten.
(See the <inserted text> above.)
With luck, this will get me unwedged. But if you
really didn't forget anything, try typing `2' now; then
my insertion and my current dilemma will both disappear.

relation.tex:261: Missing $ inserted.
<inserted text> 
                $
l.261 ...csvautotabular{../results/csv/filter.csv}
                                                  \label{fig:filter_csv}
I've inserted a begin-math/end-math symbol since I think
you left one out. Proceed, with fingers crossed.

relation.tex:261: Missing $ inserted.
<inserted text> 
                $
l.261 ...csvautotabular{../results/csv/filter.csv}
                                                  \label{fig:filter_csv}
I've inserted something that you may have forgotten.
(See the <inserted text> above.)
With luck, this will get me unwedged. But if you
really didn't forget anything, try typing `2' now; then
my insertion and my current dilemma will both disappear.


Overfull \hbox (117.0725pt too wide) in paragraph at lines 261--262
[][][] 
 []

[10

]
(C:/Users\loreb\Documents\IntellijProjects\PycharmProjects\bloomfilter_parallel
\auxil\relation.aux)

LaTeX Warning: Label(s) may have changed. Rerun to get cross-references right.


Package rerunfilecheck Warning: File `relation.out' has changed.
(rerunfilecheck)                Rerun to get outlines right
(rerunfilecheck)                or use package `bookmark'.

Package rerunfilecheck Info: Checksums for `relation.out':
(rerunfilecheck)             Before: 30E4D1E9FD0531F9D79C47C302B78043;1315
(rerunfilecheck)             After:  65B856A4E22F2F3449D68E1C6FD30FC9;2241.
 ) 
Here is how much of TeX's memory you used:
 14899 strings out of 476331
 251674 string characters out of 5787764
 2012660 words of memory out of 12000000
 35042 multiletter control sequences out of 15000+600000
 519331 words of font info for 57 fonts, out of 8000000 for 9000
 1141 hyphenation exceptions out of 8191
 75i,9n,77p,507b,2205s stack positions out of 10000i,1000n,20000p,200000b,200000s
 <C:\Users\loreb\AppData\Local\MiKTeX\fonts/pk/ljfour/jknappen/ec/dpi600\tcrm
1095.pk><C:/Users/loreb/AppData/Local/Programs/MiKTeX/fonts/type1/public/amsfon
ts/cm/cmbx10.pfb><C:/Users/loreb/AppData/Local/Programs/MiKTeX/fonts/type1/publ
ic/amsfonts/cm/cmbx12.pfb><C:/Users/loreb/AppData/Local/Programs/MiKTeX/fonts/t
ype1/public/amsfonts/cm/cmmi10.pfb><C:/Users/loreb/AppData/Local/Programs/MiKTe
X/fonts/type1/public/amsfonts/cm/cmmi8.pfb><C:/Users/loreb/AppData/Local/Progra
ms/MiKTeX/fonts/type1/public/amsfonts/cm/cmr10.pfb><C:/Users/loreb/AppData/Loca
l/Programs/MiKTeX/fonts/type1/public/amsfonts/cm/cmr12.pfb><C:/Users/loreb/AppD
ata/Local/Programs/MiKTeX/fonts/type1/public/amsfonts/cm/cmr17.pfb><C:/Users/lo
reb/AppData/Local/Programs/MiKTeX/fonts/type1/public/amsfonts/cm/cmr6.pfb><C:/U
sers/loreb/AppData/Local/Programs/MiKTeX/fonts/type1/public/amsfonts/cm/cmr8.pf
b><C:/Users/loreb/AppData/Local/Programs/MiKTeX/fonts/type1/public/amsfonts/cm/
cmsy10.pfb><C:/Users/loreb/AppData/Local/Programs/MiKTeX/fonts/type1/public/ams
fonts/cm/cmtt9.pfb>
Output written on C:/Users\loreb\Documents\IntellijProjects\PycharmProjects\blo
omfilter_parallel\out\relation.pdf (10 pages, 493969 bytes).
PDF statistics:
 265 PDF objects out of 1000 (max. 8388607)
 90 named destinations out of 1000 (max. 500000)
 150 words of extra memory for PDF output out of 10000 (max. 10000000)

